Performing C SOURCE FILE Test CMAKE_HAVE_LIBC_PTHREAD failed with the following output:
Change Dir: /sad/build/CMakeFiles/CMakeTmp

Run Build Command(s):/usr/bin/make -f Makefile cmTC_da281/fast && /usr/bin/make  -f CMakeFiles/cmTC_da281.dir/build.make CMakeFiles/cmTC_da281.dir/build
make[1]: Entering directory '/sad/build/CMakeFiles/CMakeTmp'
Building C object CMakeFiles/cmTC_da281.dir/src.c.o
/usr/bin/cc -DCMAKE_HAVE_LIBC_PTHREAD   -o CMakeFiles/cmTC_da281.dir/src.c.o -c /sad/build/CMakeFiles/CMakeTmp/src.c
Linking C executable cmTC_da281
/opt/conda/lib/python3.7/site-packages/cmake/data/bin/cmake -E cmake_link_script CMakeFiles/cmTC_da281.dir/link.txt --verbose=1
/usr/bin/cc -rdynamic CMakeFiles/cmTC_da281.dir/src.c.o -o cmTC_da281 
CMakeFiles/cmTC_da281.dir/src.c.o: In function `main':
src.c:(.text+0x3e): undefined reference to `pthread_create'
src.c:(.text+0x4a): undefined reference to `pthread_detach'
src.c:(.text+0x56): undefined reference to `pthread_cancel'
src.c:(.text+0x67): undefined reference to `pthread_join'
src.c:(.text+0x7b): undefined reference to `pthread_atfork'
collect2: error: ld returned 1 exit status
CMakeFiles/cmTC_da281.dir/build.make:98: recipe for target 'cmTC_da281' failed
make[1]: *** [cmTC_da281] Error 1
make[1]: Leaving directory '/sad/build/CMakeFiles/CMakeTmp'
Makefile:127: recipe for target 'cmTC_da281/fast' failed
make: *** [cmTC_da281/fast] Error 2


Source file was:
#include <pthread.h>

static void* test_func(void* data)
{
  return data;
}

int main(void)
{
  pthread_t thread;
  pthread_create(&thread, NULL, test_func, NULL);
  pthread_detach(thread);
  pthread_cancel(thread);
  pthread_join(thread, NULL);
  pthread_atfork(NULL, NULL, NULL);
  pthread_exit(NULL);

  return 0;
}

Determining if the function pthread_create exists in the pthreads failed with the following output:
Change Dir: /sad/build/CMakeFiles/CMakeTmp

Run Build Command(s):/usr/bin/make -f Makefile cmTC_6d190/fast && /usr/bin/make  -f CMakeFiles/cmTC_6d190.dir/build.make CMakeFiles/cmTC_6d190.dir/build
make[1]: Entering directory '/sad/build/CMakeFiles/CMakeTmp'
Building C object CMakeFiles/cmTC_6d190.dir/CheckFunctionExists.c.o
/usr/bin/cc   -DCHECK_FUNCTION_EXISTS=pthread_create -o CMakeFiles/cmTC_6d190.dir/CheckFunctionExists.c.o -c /opt/conda/lib/python3.7/site-packages/cmake/data/share/cmake-3.22/Modules/CheckFunctionExists.c
Linking C executable cmTC_6d190
/opt/conda/lib/python3.7/site-packages/cmake/data/bin/cmake -E cmake_link_script CMakeFiles/cmTC_6d190.dir/link.txt --verbose=1
/usr/bin/cc  -DCHECK_FUNCTION_EXISTS=pthread_create -rdynamic CMakeFiles/cmTC_6d190.dir/CheckFunctionExists.c.o -o cmTC_6d190  -lpthreads 
/usr/bin/ld: cannot find -lpthreads
collect2: error: ld returned 1 exit status
CMakeFiles/cmTC_6d190.dir/build.make:98: recipe for target 'cmTC_6d190' failed
make[1]: *** [cmTC_6d190] Error 1
make[1]: Leaving directory '/sad/build/CMakeFiles/CMakeTmp'
Makefile:127: recipe for target 'cmTC_6d190/fast' failed
make: *** [cmTC_6d190/fast] Error 2



